Removed Pin From Net: NetName=GND Pin=C9-1
Removed Pin From Net: NetName=CALL_3 Pin=C9-2
Removed Pin From Net: NetName=CALL_1 Pin=C9-4
Removed Member From Class: ClassName=ThangMayCNC Member=C9
Added Component: Designator=C?(JP5-C1T)
Add component. Clean all parameters for all variants
Add component (AddParameter): Name = "ComponentLink1 Description"; Value = "Manufacturer"; VariantName = "[No Variations]"
Add component (AddParameter): Name = "ComponentLink1URL"; Value = "http://www.we-online.com"; VariantName = "[No Variations]"
Add component (AddParameter): Name = "ComponentLink2 Description"; Value = "Datasheet"; VariantName = "[No Variations]"
Add component (AddParameter): Name = "ComponentLink2URL"; Value = "http://katalog.we-online.de/em/datasheet/6130xx143121.pdf"; VariantName = "[No Variations]"
Add component (AddParameter): Name = "Created by"; Value = "Karrer Zheng"; VariantName = "[No Variations]"
Add component (AddParameter): Name = "Created Date"; Value = "29 March 2013"; VariantName = "[No Variations]"
Add component (AddParameter): Name = "Manufacturer"; Value = "W¨¹rth Elektronik eiSos GmbH"; VariantName = "[No Variations]"
Add component (AddParameter): Name = "NoPins"; Value = "05"; VariantName = "[No Variations]"
Add component (AddParameter): Name = "partNo"; Value = "613005143121"; VariantName = "[No Variations]"
Added Pin To Net: NetName=GND Pin=C?-1
Added Pin To Net: NetName=CALL_3 Pin=C?-2
Added Pin To Net: NetName=CALL_2B Pin=C?-3
Added Pin To Net: NetName=CALL_2A Pin=C?-4
Added Pin To Net: NetName=CALL_1 Pin=C?-5
Added Member To Class: ClassName=ThangMayCNC Member=Component C? JP5
Added Room: Name=ThangMayCNC
