Removed Pin From Net: NetName=12V Pin=JDC1-1
Removed Pin From Net: NetName=GND Pin=JDC1-2
Removed Pin From Net: NetName=GND Pin=JDC1-3
Removed Member From Class: ClassName=ThangMayCNC Member=JDC1
Added Component: Designator=C2(CP1.5/3.4)
Add component. Clean all parameters for all variants
Add component (AddParameter): Name = "Description 1"; Value = "2200uF-3300uF/6,3V - 1000uF-2200uF/10V"; VariantName = "[No Variations]"
Add component (AddParameter): Name = "Description 2"; Value = "1000uF/16V - 470uF => 1000uF/25V - 100uF/100V"; VariantName = "[No Variations]"
Add component (AddParameter): Name = "Description 3"; Value = "330uF>470uF/35V_220uF>470uF/50V_10uF>22uF/250V"; VariantName = "[No Variations]"
Add component (AddParameter): Name = "Description 4"; Value = "220uF => 330uF/63V - 10uF =>33uF/160 - 200V"; VariantName = "[No Variations]"
Add component (AddParameter): Name = "Description 5"; Value = "4,7uF>10uF/250V_3,3uF>10uF/400V - 2,2uF>4,7uF/450V"; VariantName = "[No Variations]"
Add component (AddParameter): Name = "Value"; Value = "1000uF/16V"; VariantName = "[No Variations]"
Added Component: Designator=J1(KF2-5.08)
Add component. Clean all parameters for all variants
Add component (AddParameter): Name = "ComponentLink1 Description"; Value = "Manufacturer"; VariantName = "[No Variations]"
Add component (AddParameter): Name = "ComponentLink1URL"; Value = "http://www.we-online.com"; VariantName = "[No Variations]"
Add component (AddParameter): Name = "ComponentLink2 Description"; Value = "Datasheet"; VariantName = "[No Variations]"
Add component (AddParameter): Name = "ComponentLink2URL"; Value = "http://katalog.we-online.de/em/datasheet/6911031100xx.pdf"; VariantName = "[No Variations]"
Add component (AddParameter): Name = "Created by"; Value = "Karrer Zheng"; VariantName = "[No Variations]"
Add component (AddParameter): Name = "Created Date"; Value = "29 October 2013"; VariantName = "[No Variations]"
Add component (AddParameter): Name = "Manufacturer"; Value = "Würth Elektronik eiSos GmbH"; VariantName = "[No Variations]"
Add component (AddParameter): Name = "NoPins"; Value = "2"; VariantName = "[No Variations]"
Add component (AddParameter): Name = "partNo"; Value = "691103110002"; VariantName = "[No Variations]"
Added Pin To Net: NetName=VCC Pin=C2-1
Added Pin To Net: NetName=GND Pin=C2-2
Added Pin To Net: NetName=GND Pin=J1-1
Added Pin To Net: NetName=12V Pin=J1-2
Added Member To Class: ClassName=ThangMayCNC Member=Component C2 1000uF/16V
Added Member To Class: ClassName=ThangMayCNC Member=Component J1 KF2
Added Room: Name=ThangMayCNC
